Using pre-set license
Built from '2020.3/release' branch; Version is '2020.3.7f1 (dd97f2c94397) revision 14522354'; Using compiler version '192528614'; Build Type 'Release'
OS: 'Windows 10 Home Single Language; OS build 19042.985; Version 2009; 64bit' Language: 'es' Physical Memory: 16260 MB
BatchMode: 1, IsHumanControllingUs: 0, StartBugReporterOnCrash: 0, Is64bit: 1, IsPro: 0

 COMMAND LINE ARGUMENTS:
C:\Program Files\Unity\Hub\Editor\2020.3.7f1\Editor\Unity.exe
-adb2
-batchMode
-noUpm
-name
AssetImportWorker0
-projectPath
C:/Users/gbarc/OneDrive/Documentos/GitHub/Leyenda-Magica
-logFile
Logs/AssetImportWorker0.log
-srvPort
63943
Successfully changed project path to: C:/Users/gbarc/OneDrive/Documentos/GitHub/Leyenda-Magica
C:/Users/gbarc/OneDrive/Documentos/GitHub/Leyenda-Magica
Using Asset Import Pipeline V2.
Refreshing native plugins compatible for Editor in 23.40 ms, found 0 plugins.
Preloading 0 native plugins for Editor in 0.00 ms.
Initialize engine version: 2020.3.7f1 (dd97f2c94397)
[Subsystems] Discovering subsystems at path C:/Program Files/Unity/Hub/Editor/2020.3.7f1/Editor/Data/Resources/UnitySubsystems
[Subsystems] Discovering subsystems at path C:/Users/gbarc/OneDrive/Documentos/GitHub/Leyenda-Magica/Assets
GfxDevice: creating device client; threaded=0
Direct3D:
    Version:  Direct3D 11.0 [level 11.1]
    Renderer: NVIDIA GeForce GTX 1660 Ti (ID=0x2191)
    Vendor:   
    VRAM:     5991 MB
    Driver:   27.21.14.6230
Initialize mono
Mono path[0] = 'C:/Program Files/Unity/Hub/Editor/2020.3.7f1/Editor/Data/Managed'
Mono path[1] = 'C:/Program Files/Unity/Hub/Editor/2020.3.7f1/Editor/Data/MonoBleedingEdge/lib/mono/unityjit'
Mono config path = 'C:/Program Files/Unity/Hub/Editor/2020.3.7f1/Editor/Data/MonoBleedingEdge/etc'
Using monoOptions --debugger-agent=transport=dt_socket,embedding=1,server=y,suspend=n,address=127.0.0.1:56320
Begin MonoManager ReloadAssembly
Registering precompiled unity dll's ...
Register platform support module: C:/Program Files/Unity/Hub/Editor/2020.3.7f1/Editor/Data/PlaybackEngines/WindowsStandaloneSupport/UnityEditor.WindowsStandalone.Extensions.dll
Registered in 0.002199 seconds.
Native extension for WindowsStandalone target not found
Refreshing native plugins compatible for Editor in 22.84 ms, found 0 plugins.
Preloading 0 native plugins for Editor in 0.00 ms.
Mono: successfully reloaded assembly
- Completed reload, in  1.828 seconds
Platform modules already initialized, skipping
Registering precompiled user dll's ...
Registered in 0.000701 seconds.
Begin MonoManager ReloadAssembly
Native extension for WindowsStandalone target not found
Refreshing native plugins compatible for Editor in 0.20 ms, found 0 plugins.
Preloading 0 native plugins for Editor in 0.00 ms.
Mono: successfully reloaded assembly
- Completed reload, in  0.757 seconds
Platform modules already initialized, skipping
========================================================================
Worker process is ready to serve import requests
Launched and connected shader compiler UnityShaderCompiler.exe after 0.05 seconds
Refreshing native plugins compatible for Editor in 0.25 ms, found 0 plugins.
Preloading 0 native plugins for Editor in 0.00 ms.
Unloading 1296 Unused Serialized files (Serialized files now loaded: 0)
System memory in use before: 64.5 MB.
System memory in use after: 64.6 MB.

Unloading 10 unused Assets to reduce memory usage. Loaded Objects now: 1739.
Total: 2.051400 ms (FindLiveObjects: 0.331800 ms CreateObjectMapping: 0.061900 ms MarkObjects: 1.567700 ms  DeleteObjects: 0.088900 ms)

========================================================================
Received Import Request.
  path: Assets/Scenes/Nivel 2.unity
  artifactKey: Guid(4fb7df488e725664c83e483a6d2e575b) Importer(815301076,1909f56bfc062723c751e8b465ee728b)
Start importing Assets/Scenes/Nivel 2.unity using Guid(4fb7df488e725664c83e483a6d2e575b) Importer(815301076,1909f56bfc062723c751e8b465ee728b)  -> (artifact id: '04946fb6191f1232d82a763070969c7c') in 0.009451 seconds
  Import took 0.011354 seconds .

========================================================================
Received Import Request.
  Time since last request: 0.000331 seconds.
  path: Assets/Scenes
  artifactKey: Guid(4b84a7120644ef245a79b47992f0af38) Importer(815301076,1909f56bfc062723c751e8b465ee728b)
Start importing Assets/Scenes using Guid(4b84a7120644ef245a79b47992f0af38) Importer(815301076,1909f56bfc062723c751e8b465ee728b)  -> (artifact id: '66bb553e1d992397cfc659aba72ad9c0') in 0.002076 seconds
  Import took 0.004142 seconds .

========================================================================
Received Import Request.
  Time since last request: 4.713187 seconds.
  path: Assets/Scenes/Tutorial Prueba.unity
  artifactKey: Guid(7f56fb4c1a7e39447b5d23abc9289ec0) Importer(815301076,1909f56bfc062723c751e8b465ee728b)
Start importing Assets/Scenes/Tutorial Prueba.unity using Guid(7f56fb4c1a7e39447b5d23abc9289ec0) Importer(815301076,1909f56bfc062723c751e8b465ee728b)  -> (artifact id: '489a27ea1997a734b15c48260998906c') in 0.002392 seconds
  Import took 0.004165 seconds .

========================================================================
Received Prepare
Registering precompiled user dll's ...
Registered in 0.000721 seconds.
Begin MonoManager ReloadAssembly
Native extension for WindowsStandalone target not found
Refreshing native plugins compatible for Editor in 0.22 ms, found 0 plugins.
Preloading 0 native plugins for Editor in 0.00 ms.
Mono: successfully reloaded assembly
- Completed reload, in  0.710 seconds
Platform modules already initialized, skipping
Refreshing native plugins compatible for Editor in 0.21 ms, found 0 plugins.
Preloading 0 native plugins for Editor in 0.00 ms.
Unloading 1275 Unused Serialized files (Serialized files now loaded: 0)
System memory in use before: 63.0 MB.
System memory in use after: 63.1 MB.

Unloading 5 unused Assets to reduce memory usage. Loaded Objects now: 1742.
Total: 1.686300 ms (FindLiveObjects: 0.109800 ms CreateObjectMapping: 0.031800 ms MarkObjects: 1.530900 ms  DeleteObjects: 0.012800 ms)

AssetImportWorkerClient::OnTransportError - code=2 error=End of file
